mode: set
github.com/heathcliff26/promremote/promremote/client.go:33.96,34.20 1 1
github.com/heathcliff26/promremote/promremote/client.go:34.20,36.3 1 1
github.com/heathcliff26/promremote/promremote/client.go:37.2,37.20 1 1
github.com/heathcliff26/promremote/promremote/client.go:37.20,39.3 1 1
github.com/heathcliff26/promremote/promremote/client.go:40.2,40.15 1 1
github.com/heathcliff26/promremote/promremote/client.go:40.15,42.3 1 1
github.com/heathcliff26/promremote/promremote/client.go:43.2,43.16 1 1
github.com/heathcliff26/promremote/promremote/client.go:43.16,45.3 1 1
github.com/heathcliff26/promremote/promremote/client.go:46.2,51.8 1 1
github.com/heathcliff26/promremote/promremote/client.go:54.36,55.14 1 1
github.com/heathcliff26/promremote/promremote/client.go:55.14,57.3 1 1
github.com/heathcliff26/promremote/promremote/client.go:58.2,58.19 1 1
github.com/heathcliff26/promremote/promremote/client.go:61.50,62.14 1 1
github.com/heathcliff26/promremote/promremote/client.go:62.14,64.3 1 1
github.com/heathcliff26/promremote/promremote/client.go:65.2,65.19 1 1
github.com/heathcliff26/promremote/promremote/client.go:69.64,70.38 1 1
github.com/heathcliff26/promremote/promremote/client.go:70.38,72.3 1 1
github.com/heathcliff26/promremote/promremote/client.go:73.2,75.12 3 1
github.com/heathcliff26/promremote/promremote/client.go:79.53,82.16 3 1
github.com/heathcliff26/promremote/promremote/client.go:82.16,84.3 1 0
github.com/heathcliff26/promremote/promremote/client.go:85.2,88.16 3 1
github.com/heathcliff26/promremote/promremote/client.go:88.16,90.3 1 0
github.com/heathcliff26/promremote/promremote/client.go:91.2,94.22 4 1
github.com/heathcliff26/promremote/promremote/client.go:94.22,96.3 1 1
github.com/heathcliff26/promremote/promremote/client.go:98.2,102.16 3 1
github.com/heathcliff26/promremote/promremote/client.go:102.16,104.3 1 0
github.com/heathcliff26/promremote/promremote/client.go:105.2,106.37 2 1
github.com/heathcliff26/promremote/promremote/client.go:106.37,108.3 1 0
github.com/heathcliff26/promremote/promremote/client.go:110.2,110.12 1 1
github.com/heathcliff26/promremote/promremote/client.go:114.57,116.12 2 1
github.com/heathcliff26/promremote/promremote/client.go:116.12,119.3 2 1
github.com/heathcliff26/promremote/promremote/client.go:121.2,122.25 2 1
github.com/heathcliff26/promremote/promremote/client.go:122.25,126.22 3 1
github.com/heathcliff26/promremote/promremote/client.go:126.22,128.4 1 0
github.com/heathcliff26/promremote/promremote/client.go:131.3,133.17 3 1
github.com/heathcliff26/promremote/promremote/client.go:133.17,135.4 1 0
github.com/heathcliff26/promremote/promremote/client.go:138.3,151.29 5 1
github.com/heathcliff26/promremote/promremote/client.go:151.29,156.4 1 1
github.com/heathcliff26/promremote/promremote/client.go:158.3,164.23 3 1
github.com/heathcliff26/promremote/promremote/client.go:164.23,166.4 1 0
github.com/heathcliff26/promremote/promremote/client.go:166.9,166.28 1 1
github.com/heathcliff26/promremote/promremote/client.go:166.28,168.4 1 1
github.com/heathcliff26/promremote/promremote/client.go:168.9,168.30 1 0
github.com/heathcliff26/promremote/promremote/client.go:168.30,170.4 1 0
github.com/heathcliff26/promremote/promremote/client.go:170.9,172.4 1 0
github.com/heathcliff26/promremote/promremote/client.go:173.3,180.24 2 1
github.com/heathcliff26/promremote/promremote/client.go:182.2,182.17 1 1
github.com/heathcliff26/promremote/promremote/client.go:187.62,188.12 1 0
github.com/heathcliff26/promremote/promremote/client.go:188.12,189.7 1 0
github.com/heathcliff26/promremote/promremote/client.go:189.7,191.18 2 0
github.com/heathcliff26/promremote/promremote/client.go:191.18,193.5 1 0
github.com/heathcliff26/promremote/promremote/client.go:194.4,195.18 2 0
github.com/heathcliff26/promremote/promremote/client.go:195.18,197.5 1 0
github.com/heathcliff26/promremote/promremote/client.go:197.10,199.5 1 0
github.com/heathcliff26/promremote/promremote/client.go:201.4,202.31 2 0
github.com/heathcliff26/promremote/promremote/client.go:202.31,204.12 2 0
github.com/heathcliff26/promremote/promremote/client.go:205.20,206.51 1 0
github.com/heathcliff26/promremote/promremote/client.go:207.17,210.12 3 0
github.com/heathcliff26/promremote/promremote/errors.go:10.44,12.2 1 0
github.com/heathcliff26/promremote/promremote/errors.go:16.44,18.2 1 0
github.com/heathcliff26/promremote/promremote/errors.go:22.39,24.2 1 0
github.com/heathcliff26/promremote/promremote/errors.go:28.44,30.2 1 0
github.com/heathcliff26/promremote/promremote/errors.go:37.87,40.16 3 1
github.com/heathcliff26/promremote/promremote/errors.go:40.16,42.3 1 0
github.com/heathcliff26/promremote/promremote/errors.go:42.8,44.3 1 1
github.com/heathcliff26/promremote/promremote/errors.go:45.2,48.3 1 1
github.com/heathcliff26/promremote/promremote/errors.go:51.47,53.2 1 0
github.com/heathcliff26/promremote/promremote/errors.go:57.51,59.2 1 0
github.com/heathcliff26/promremote/promremote/errors.go:65.47,67.2 1 0
